Hmm ... looks like a package
Converting parsed Rd's to LaTeX .........
Creating pdf output from LaTeX ...

This is pdfTeX, Version 3.141592653-2.6-1.40.26 (TeX Live 2024) (preloaded format=pdflatex)
 restricted \write18 enabled.
entering extended mode
LaTeX2e <2023-11-01> patch level 1
L3 programming layer <2024-02-20>
(./Rd2.tex
(/usr/local/texlive/2024/texmf-dist/tex/latex/base/book.cls
Document Class: book 2023/05/17 v1.4n Standard LaTeX document class
(/usr/local/texlive/2024/texmf-dist/tex/latex/base/bk10.clo))
(/Library/Frameworks/R.framework/Versions/4.5-arm64/Resources/share/texmf/tex/l
atex/Rd.sty (/usr/local/texlive/2024/texmf-dist/tex/latex/base/ifthen.sty)
(/usr/local/texlive/2024/texmf-dist/tex/generic/iftex/iftex.sty)
(/usr/local/texlive/2024/texmf-dist/tex/latex/tools/longtable.sty)
(/usr/local/texlive/2024/texmf-dist/tex/latex/tools/bm.sty)
(/usr/local/texlive/2024/texmf-dist/tex/latex/base/alltt.sty)
(/usr/local/texlive/2024/texmf-dist/tex/latex/tools/verbatim.sty)
(/usr/local/texlive/2024/texmf-dist/tex/latex/url/url.sty)
(/usr/local/texlive/2024/texmf-dist/tex/latex/base/textcomp.sty)
(/usr/local/texlive/2024/texmf-dist/tex/latex/amsmath/amsmath.sty
For additional information on amsmath, use the `?' option.
(/usr/local/texlive/2024/texmf-dist/tex/latex/amsmath/amstext.sty
(/usr/local/texlive/2024/texmf-dist/tex/latex/amsmath/amsgen.sty))
(/usr/local/texlive/2024/texmf-dist/tex/latex/amsmath/amsbsy.sty)
(/usr/local/texlive/2024/texmf-dist/tex/latex/amsmath/amsopn.sty))
(/usr/local/texlive/2024/texmf-dist/tex/latex/amsfonts/amsfonts.sty)
(/usr/local/texlive/2024/texmf-dist/tex/latex/amsfonts/amssymb.sty)
(/usr/local/texlive/2024/texmf-dist/tex/latex/jknapltx/mathrsfs.sty)
(/usr/local/texlive/2024/texmf-dist/tex/latex/base/fontenc.sty)
(/usr/local/texlive/2024/texmf-dist/tex/latex/psnfss/times.sty)
(/usr/local/texlive/2024/texmf-dist/tex/latex/inconsolata/zi4.sty
`inconsolata-zi4' v1.12, 2019/05/17 Text macros for Inconsolata (msharpe)
(/usr/local/texlive/2024/texmf-dist/tex/latex/xkeyval/xkeyval.sty
(/usr/local/texlive/2024/texmf-dist/tex/generic/xkeyval/xkeyval.tex
(/usr/local/texlive/2024/texmf-dist/tex/generic/xkeyval/xkvutils.tex
(/usr/local/texlive/2024/texmf-dist/tex/generic/xkeyval/keyval.tex)))))
(/usr/local/texlive/2024/texmf-dist/tex/latex/graphics/color.sty
(/usr/local/texlive/2024/texmf-dist/tex/latex/graphics-cfg/color.cfg)
(/usr/local/texlive/2024/texmf-dist/tex/latex/graphics-def/pdftex.def)
(/usr/local/texlive/2024/texmf-dist/tex/latex/graphics/mathcolor.ltx))
(/usr/local/texlive/2024/texmf-dist/tex/latex/hyperref/hyperref.sty
(/usr/local/texlive/2024/texmf-dist/tex/latex/kvsetkeys/kvsetkeys.sty)
(/usr/local/texlive/2024/texmf-dist/tex/generic/kvdefinekeys/kvdefinekeys.sty)
(/usr/local/texlive/2024/texmf-dist/tex/generic/pdfescape/pdfescape.sty
(/usr/local/texlive/2024/texmf-dist/tex/generic/ltxcmds/ltxcmds.sty)
(/usr/local/texlive/2024/texmf-dist/tex/generic/pdftexcmds/pdftexcmds.sty
(/usr/local/texlive/2024/texmf-dist/tex/generic/infwarerr/infwarerr.sty)))
(/usr/local/texlive/2024/texmf-dist/tex/latex/hycolor/hycolor.sty)
(/usr/local/texlive/2024/texmf-dist/tex/latex/auxhook/auxhook.sty)
(/usr/local/texlive/2024/texmf-dist/tex/latex/hyperref/nameref.sty
(/usr/local/texlive/2024/texmf-dist/tex/latex/refcount/refcount.sty)
(/usr/local/texlive/2024/texmf-dist/tex/generic/gettitlestring/gettitlestring.s
ty (/usr/local/texlive/2024/texmf-dist/tex/latex/kvoptions/kvoptions.sty)))
(/usr/local/texlive/2024/texmf-dist/tex/latex/etoolbox/etoolbox.sty)
(/usr/local/texlive/2024/texmf-dist/tex/latex/hyperref/pd1enc.def)
(/usr/local/texlive/2024/texmf-dist/tex/generic/intcalc/intcalc.sty)
(/usr/local/texlive/2024/texmf-dist/tex/latex/hyperref/puenc.def)
(/usr/local/texlive/2024/texmf-dist/tex/generic/bitset/bitset.sty
(/usr/local/texlive/2024/texmf-dist/tex/generic/bigintcalc/bigintcalc.sty))
(/usr/local/texlive/2024/texmf-dist/tex/latex/base/atbegshi-ltx.sty))
(/usr/local/texlive/2024/texmf-dist/tex/latex/hyperref/hpdftex.def
(/usr/local/texlive/2024/texmf-dist/tex/latex/base/atveryend-ltx.sty)
(/usr/local/texlive/2024/texmf-dist/tex/latex/rerunfilecheck/rerunfilecheck.sty

(/usr/local/texlive/2024/texmf-dist/tex/generic/uniquecounter/uniquecounter.sty
)))) (/usr/local/texlive/2024/texmf-dist/tex/latex/base/makeidx.sty)
Writing index file Rd2.idx
(/usr/local/texlive/2024/texmf-dist/tex/latex/psnfss/t1ptm.fd)
(/usr/local/texlive/2024/texmf-dist/tex/latex/l3backend/l3backend-pdftex.def)
No file Rd2.aux.
(/usr/local/texlive/2024/texmf-dist/tex/context/base/mkii/supp-pdf.mkii
[Loading MPS to PDF converter (version 2006.09.02).]
) (/usr/local/texlive/2024/texmf-dist/tex/latex/inconsolata/t1zi4.fd)
(/usr/local/texlive/2024/texmf-dist/tex/latex/amsfonts/umsa.fd)
(/usr/local/texlive/2024/texmf-dist/tex/latex/amsfonts/umsb.fd)
(/usr/local/texlive/2024/texmf-dist/tex/latex/jknapltx/ursfs.fd)
No file Rd2.toc.
[1{/usr/local/texlive/2024/texmf-var/fonts/map/pdftex/updmap/pdftex.map}{/usr/l
ocal/texlive/2024/texmf-dist/fonts/enc/dvips/base/8r.enc}{/usr/local/texlive/20
24/texmf-dist/fonts/enc/dvips/inconsolata/i4-t1-0.enc}]
(/usr/local/texlive/2024/texmf-dist/tex/latex/psnfss/ts1ptm.fd) [2] [3]
[4] [5] [6] [7] [8] [9] [10] [11] [12] [13] [14] [15] [16] [17] [18] [19]
[20]
Overfull \hbox (15.67773pt too wide) in paragraph at lines 1165--1167
[]\T1/ptm/m/n/10 Character: If pro-vided, add this suf-fix to all left col-umn 
names, ex-clud-ing on/left_on. 
[21] [22] [23] [24]
(/usr/local/texlive/2024/texmf-dist/tex/latex/inconsolata/ts1zi4.fd) [25{/usr/l
ocal/texlive/2024/texmf-dist/fonts/enc/dvips/inconsolata/i4-ts1.enc}] [26]
Overfull \hbox (5.09792pt too wide) in paragraph at lines 1507--1509
[]\T1/ptm/m/n/10 Integer or char-ac-ter: columns to con-vert, if NULL, op-er-at
es on all log-i-cal columns 
[27] [28] [29] [30] [31] [32] [33] [34] [35] [36] [37] [38] [39] [40] [41]
[42] (/usr/local/texlive/2024/texmf-dist/tex/latex/base/t1cmtt.fd)
(/usr/local/texlive/2024/texmf-dist/tex/latex/base/ts1cmtt.fd) [43{/usr/local/t
exlive/2024/texmf-dist/fonts/enc/dvips/cm-super/cm-super-ts1.enc}]
Overfull \hbox (7.51907pt too wide) in paragraph at lines 2456--2458
\T1/ptm/m/n/10 De-fault = []\T1/zi4/m/n/10 "\\$"[]\T1/ptm/m/n/10 , which for-ma
ts com-mon in-put of the type []\T1/zi4/m/n/10 data.frame$variable 
[44] [45] [46] [47] [48] [49] [50] [51] [52] [53] [54] [55] [56]
Overfull \hbox (1.55789pt too wide) in paragraph at lines 3230--3231
[]\T1/ptm/m/n/10 Logical: If TRUE, print data frame con-tents, oth-er-wise prin
t n rows and columns. 
[57] [58]
Overfull \hbox (1.55789pt too wide) in paragraph at lines 3386--3387
[]\T1/ptm/m/n/10 Logical: If TRUE, print data frame con-tents, oth-er-wise prin
t n rows and columns. 
[59] [60] [61] [62] [63] [64] [65] [66] [67] [68] [69] [70] [71]
Overfull \hbox (16.9165pt too wide) in paragraph at lines 4116--4118
[]\T1/ptm/m/n/10 Character: UniProt rest API base URL. De-fault = "https://rest
.uniprot.org/uniprotkb" 
[72] [73] [74]
No file Rd2.ind.
[75]
(/private/var/folders/rb/99nqfz7s2rb6d_p0d6yxtbxc0000gn/T/RtmpN2j3oh/Rd2pdfd9be
467e41cb/Rd2.aux)

Package rerunfilecheck Warning: File `Rd2.out' has changed.
(rerunfilecheck)                Rerun to get outlines right
(rerunfilecheck)                or use package `bookmark'.

 )
(see the transcript file for additional information)
pdfTeX warning (dest): name{Rfn.path.expand} has been referenced but does not e
xist, replaced by a fixed one

</usr/local/texlive/2024/texmf-dist/fonts/type1/public/inconsolata/Inconsolata-
zi4r.pfb></usr/local/texlive/2024/texmf-dist/fonts/type1/public/cm-super/sftt10
00.pfb></usr/local/texlive/2024/texmf-dist/fonts/type1/urw/times/utmb8a.pfb></u
sr/local/texlive/2024/texmf-dist/fonts/type1/urw/times/utmr8a.pfb></usr/local/t
exlive/2024/texmf-dist/fonts/type1/urw/times/utmr8a.pfb></usr/local/texlive/202
4/texmf-dist/fonts/type1/urw/times/utmri8a.pfb>
Output written on Rd2.pdf (75 pages, 195046 bytes).
Transcript written on Rd2.log.
This is makeindex, version 2.17 [TeX Live 2024] (kpathsea + Thai support).
Scanning input file Rd2.idx....done (119 entries accepted, 0 rejected).
Sorting entries....done (874 comparisons).
Generating output file Rd2.ind....done (194 lines written, 0 warnings).
Output written in Rd2.ind.
Transcript written in Rd2.ilg.
This is pdfTeX, Version 3.141592653-2.6-1.40.26 (TeX Live 2024) (preloaded format=pdflatex)
 restricted \write18 enabled.
entering extended mode
LaTeX2e <2023-11-01> patch level 1
L3 programming layer <2024-02-20>
(./Rd2.tex
(/usr/local/texlive/2024/texmf-dist/tex/latex/base/book.cls
Document Class: book 2023/05/17 v1.4n Standard LaTeX document class
(/usr/local/texlive/2024/texmf-dist/tex/latex/base/bk10.clo))
(/Library/Frameworks/R.framework/Versions/4.5-arm64/Resources/share/texmf/tex/l
atex/Rd.sty (/usr/local/texlive/2024/texmf-dist/tex/latex/base/ifthen.sty)
(/usr/local/texlive/2024/texmf-dist/tex/generic/iftex/iftex.sty)
(/usr/local/texlive/2024/texmf-dist/tex/latex/tools/longtable.sty)
(/usr/local/texlive/2024/texmf-dist/tex/latex/tools/bm.sty)
(/usr/local/texlive/2024/texmf-dist/tex/latex/base/alltt.sty)
(/usr/local/texlive/2024/texmf-dist/tex/latex/tools/verbatim.sty)
(/usr/local/texlive/2024/texmf-dist/tex/latex/url/url.sty)
(/usr/local/texlive/2024/texmf-dist/tex/latex/base/textcomp.sty)
(/usr/local/texlive/2024/texmf-dist/tex/latex/amsmath/amsmath.sty
For additional information on amsmath, use the `?' option.
(/usr/local/texlive/2024/texmf-dist/tex/latex/amsmath/amstext.sty
(/usr/local/texlive/2024/texmf-dist/tex/latex/amsmath/amsgen.sty))
(/usr/local/texlive/2024/texmf-dist/tex/latex/amsmath/amsbsy.sty)
(/usr/local/texlive/2024/texmf-dist/tex/latex/amsmath/amsopn.sty))
(/usr/local/texlive/2024/texmf-dist/tex/latex/amsfonts/amsfonts.sty)
(/usr/local/texlive/2024/texmf-dist/tex/latex/amsfonts/amssymb.sty)
(/usr/local/texlive/2024/texmf-dist/tex/latex/jknapltx/mathrsfs.sty)
(/usr/local/texlive/2024/texmf-dist/tex/latex/base/fontenc.sty)
(/usr/local/texlive/2024/texmf-dist/tex/latex/psnfss/times.sty)
(/usr/local/texlive/2024/texmf-dist/tex/latex/inconsolata/zi4.sty
`inconsolata-zi4' v1.12, 2019/05/17 Text macros for Inconsolata (msharpe)
(/usr/local/texlive/2024/texmf-dist/tex/latex/xkeyval/xkeyval.sty
(/usr/local/texlive/2024/texmf-dist/tex/generic/xkeyval/xkeyval.tex
(/usr/local/texlive/2024/texmf-dist/tex/generic/xkeyval/xkvutils.tex
(/usr/local/texlive/2024/texmf-dist/tex/generic/xkeyval/keyval.tex)))))
(/usr/local/texlive/2024/texmf-dist/tex/latex/graphics/color.sty
(/usr/local/texlive/2024/texmf-dist/tex/latex/graphics-cfg/color.cfg)
(/usr/local/texlive/2024/texmf-dist/tex/latex/graphics-def/pdftex.def)
(/usr/local/texlive/2024/texmf-dist/tex/latex/graphics/mathcolor.ltx))
(/usr/local/texlive/2024/texmf-dist/tex/latex/hyperref/hyperref.sty
(/usr/local/texlive/2024/texmf-dist/tex/latex/kvsetkeys/kvsetkeys.sty)
(/usr/local/texlive/2024/texmf-dist/tex/generic/kvdefinekeys/kvdefinekeys.sty)
(/usr/local/texlive/2024/texmf-dist/tex/generic/pdfescape/pdfescape.sty
(/usr/local/texlive/2024/texmf-dist/tex/generic/ltxcmds/ltxcmds.sty)
(/usr/local/texlive/2024/texmf-dist/tex/generic/pdftexcmds/pdftexcmds.sty
(/usr/local/texlive/2024/texmf-dist/tex/generic/infwarerr/infwarerr.sty)))
(/usr/local/texlive/2024/texmf-dist/tex/latex/hycolor/hycolor.sty)
(/usr/local/texlive/2024/texmf-dist/tex/latex/auxhook/auxhook.sty)
(/usr/local/texlive/2024/texmf-dist/tex/latex/hyperref/nameref.sty
(/usr/local/texlive/2024/texmf-dist/tex/latex/refcount/refcount.sty)
(/usr/local/texlive/2024/texmf-dist/tex/generic/gettitlestring/gettitlestring.s
ty (/usr/local/texlive/2024/texmf-dist/tex/latex/kvoptions/kvoptions.sty)))
(/usr/local/texlive/2024/texmf-dist/tex/latex/etoolbox/etoolbox.sty)
(/usr/local/texlive/2024/texmf-dist/tex/latex/hyperref/pd1enc.def)
(/usr/local/texlive/2024/texmf-dist/tex/generic/intcalc/intcalc.sty)
(/usr/local/texlive/2024/texmf-dist/tex/latex/hyperref/puenc.def)
(/usr/local/texlive/2024/texmf-dist/tex/generic/bitset/bitset.sty
(/usr/local/texlive/2024/texmf-dist/tex/generic/bigintcalc/bigintcalc.sty))
(/usr/local/texlive/2024/texmf-dist/tex/latex/base/atbegshi-ltx.sty))
(/usr/local/texlive/2024/texmf-dist/tex/latex/hyperref/hpdftex.def
(/usr/local/texlive/2024/texmf-dist/tex/latex/base/atveryend-ltx.sty)
(/usr/local/texlive/2024/texmf-dist/tex/latex/rerunfilecheck/rerunfilecheck.sty

(/usr/local/texlive/2024/texmf-dist/tex/generic/uniquecounter/uniquecounter.sty
)))) (/usr/local/texlive/2024/texmf-dist/tex/latex/base/makeidx.sty)
Writing index file Rd2.idx
(/usr/local/texlive/2024/texmf-dist/tex/latex/psnfss/t1ptm.fd)
(/usr/local/texlive/2024/texmf-dist/tex/latex/l3backend/l3backend-pdftex.def)
(/private/var/folders/rb/99nqfz7s2rb6d_p0d6yxtbxc0000gn/T/RtmpN2j3oh/Rd2pdfd9be
467e41cb/Rd2.aux)
(/usr/local/texlive/2024/texmf-dist/tex/context/base/mkii/supp-pdf.mkii
[Loading MPS to PDF converter (version 2006.09.02).]
)
(/private/var/folders/rb/99nqfz7s2rb6d_p0d6yxtbxc0000gn/T/RtmpN2j3oh/Rd2pdfd9be
467e41cb/Rd2.out)
(/private/var/folders/rb/99nqfz7s2rb6d_p0d6yxtbxc0000gn/T/RtmpN2j3oh/Rd2pdfd9be
467e41cb/Rd2.out)
(/usr/local/texlive/2024/texmf-dist/tex/latex/inconsolata/t1zi4.fd)
(/usr/local/texlive/2024/texmf-dist/tex/latex/amsfonts/umsa.fd)
(/usr/local/texlive/2024/texmf-dist/tex/latex/amsfonts/umsb.fd)
(/usr/local/texlive/2024/texmf-dist/tex/latex/jknapltx/ursfs.fd)
(/private/var/folders/rb/99nqfz7s2rb6d_p0d6yxtbxc0000gn/T/RtmpN2j3oh/Rd2pdfd9be
467e41cb/Rd2.toc [1{/usr/local/texlive/2024/texmf-var/fonts/map/pdftex/updmap/p
dftex.map}{/usr/local/texlive/2024/texmf-dist/fonts/enc/dvips/base/8r.enc}{/usr
/local/texlive/2024/texmf-dist/fonts/enc/dvips/inconsolata/i4-t1-0.enc}]
[2]) [3] (/usr/local/texlive/2024/texmf-dist/tex/latex/psnfss/ts1ptm.fd)
[4] [5] [6] [7] [8] [9] [10] [11] [12] [13] [14] [15] [16] [17] [18] [19]
[20] [21] [22]
Overfull \hbox (15.67773pt too wide) in paragraph at lines 1165--1167
[]\T1/ptm/m/n/10 Character: If pro-vided, add this suf-fix to all left col-umn 
names, ex-clud-ing on/left_on. 
[23] [24] [25] [26]
(/usr/local/texlive/2024/texmf-dist/tex/latex/inconsolata/ts1zi4.fd) [27{/usr/l
ocal/texlive/2024/texmf-dist/fonts/enc/dvips/inconsolata/i4-ts1.enc}] [28]
Overfull \hbox (5.09792pt too wide) in paragraph at lines 1507--1509
[]\T1/ptm/m/n/10 Integer or char-ac-ter: columns to con-vert, if NULL, op-er-at
es on all log-i-cal columns 
[29] [30] [31] [32] [33] [34] [35] [36] [37] [38] [39] [40] [41] [42] [43]
[44] (/usr/local/texlive/2024/texmf-dist/tex/latex/base/t1cmtt.fd)
(/usr/local/texlive/2024/texmf-dist/tex/latex/base/ts1cmtt.fd) [45{/usr/local/t
exlive/2024/texmf-dist/fonts/enc/dvips/cm-super/cm-super-ts1.enc}]
Overfull \hbox (7.51907pt too wide) in paragraph at lines 2456--2458
\T1/ptm/m/n/10 De-fault = []\T1/zi4/m/n/10 "\\$"[]\T1/ptm/m/n/10 , which for-ma
ts com-mon in-put of the type []\T1/zi4/m/n/10 data.frame$variable 
[46] [47] [48] [49] [50] [51] [52] [53] [54] [55] [56] [57] [58]
Overfull \hbox (1.55789pt too wide) in paragraph at lines 3230--3231
[]\T1/ptm/m/n/10 Logical: If TRUE, print data frame con-tents, oth-er-wise prin
t n rows and columns. 
[59] [60]
Overfull \hbox (1.55789pt too wide) in paragraph at lines 3386--3387
[]\T1/ptm/m/n/10 Logical: If TRUE, print data frame con-tents, oth-er-wise prin
t n rows and columns. 
[61] [62] [63] [64] [65] [66] [67] [68] [69] [70] [71] [72] [73]
Overfull \hbox (16.9165pt too wide) in paragraph at lines 4116--4118
[]\T1/ptm/m/n/10 Character: UniProt rest API base URL. De-fault = "https://rest
.uniprot.org/uniprotkb" 
[74] [75] [76]
(/private/var/folders/rb/99nqfz7s2rb6d_p0d6yxtbxc0000gn/T/RtmpN2j3oh/Rd2pdfd9be
467e41cb/Rd2.ind [77]

LaTeX Font Warning: Font shape `T1/zi4/m/it' undefined
(Font)              using `T1/zi4/m/n' instead on input line 80.

[78] [79])
(/private/var/folders/rb/99nqfz7s2rb6d_p0d6yxtbxc0000gn/T/RtmpN2j3oh/Rd2pdfd9be
467e41cb/Rd2.aux)

LaTeX Font Warning: Some font shapes were not available, defaults substituted.


Package rerunfilecheck Warning: File `Rd2.out' has changed.
(rerunfilecheck)                Rerun to get outlines right
(rerunfilecheck)                or use package `bookmark'.

 )
(see the transcript file for additional information)
pdfTeX warning (dest): name{Rfn.path.expand} has been referenced but does not e
xist, replaced by a fixed one

</usr/local/texlive/2024/texmf-dist/fonts/type1/public/inconsolata/Inconsolata-
zi4r.pfb></usr/local/texlive/2024/texmf-dist/fonts/type1/public/amsfonts/cm/cms
y10.pfb></usr/local/texlive/2024/texmf-dist/fonts/type1/public/cm-super/sftt100
0.pfb></usr/local/texlive/2024/texmf-dist/fonts/type1/urw/times/utmb8a.pfb></us
r/local/texlive/2024/texmf-dist/fonts/type1/urw/times/utmr8a.pfb></usr/local/te
xlive/2024/texmf-dist/fonts/type1/urw/times/utmr8a.pfb></usr/local/texlive/2024
/texmf-dist/fonts/type1/urw/times/utmri8a.pfb>
Output written on Rd2.pdf (79 pages, 222939 bytes).
Transcript written on Rd2.log.
This is makeindex, version 2.17 [TeX Live 2024] (kpathsea + Thai support).
Scanning input file Rd2.idx....done (119 entries accepted, 0 rejected).
Sorting entries....done (874 comparisons).
Generating output file Rd2.ind....done (194 lines written, 0 warnings).
Output written in Rd2.ind.
Transcript written in Rd2.ilg.
This is pdfTeX, Version 3.141592653-2.6-1.40.26 (TeX Live 2024) (preloaded format=pdflatex)
 restricted \write18 enabled.
entering extended mode
LaTeX2e <2023-11-01> patch level 1
L3 programming layer <2024-02-20>
(./Rd2.tex
(/usr/local/texlive/2024/texmf-dist/tex/latex/base/book.cls
Document Class: book 2023/05/17 v1.4n Standard LaTeX document class
(/usr/local/texlive/2024/texmf-dist/tex/latex/base/bk10.clo))
(/Library/Frameworks/R.framework/Versions/4.5-arm64/Resources/share/texmf/tex/l
atex/Rd.sty (/usr/local/texlive/2024/texmf-dist/tex/latex/base/ifthen.sty)
(/usr/local/texlive/2024/texmf-dist/tex/generic/iftex/iftex.sty)
(/usr/local/texlive/2024/texmf-dist/tex/latex/tools/longtable.sty)
(/usr/local/texlive/2024/texmf-dist/tex/latex/tools/bm.sty)
(/usr/local/texlive/2024/texmf-dist/tex/latex/base/alltt.sty)
(/usr/local/texlive/2024/texmf-dist/tex/latex/tools/verbatim.sty)
(/usr/local/texlive/2024/texmf-dist/tex/latex/url/url.sty)
(/usr/local/texlive/2024/texmf-dist/tex/latex/base/textcomp.sty)
(/usr/local/texlive/2024/texmf-dist/tex/latex/amsmath/amsmath.sty
For additional information on amsmath, use the `?' option.
(/usr/local/texlive/2024/texmf-dist/tex/latex/amsmath/amstext.sty
(/usr/local/texlive/2024/texmf-dist/tex/latex/amsmath/amsgen.sty))
(/usr/local/texlive/2024/texmf-dist/tex/latex/amsmath/amsbsy.sty)
(/usr/local/texlive/2024/texmf-dist/tex/latex/amsmath/amsopn.sty))
(/usr/local/texlive/2024/texmf-dist/tex/latex/amsfonts/amsfonts.sty)
(/usr/local/texlive/2024/texmf-dist/tex/latex/amsfonts/amssymb.sty)
(/usr/local/texlive/2024/texmf-dist/tex/latex/jknapltx/mathrsfs.sty)
(/usr/local/texlive/2024/texmf-dist/tex/latex/base/fontenc.sty)
(/usr/local/texlive/2024/texmf-dist/tex/latex/psnfss/times.sty)
(/usr/local/texlive/2024/texmf-dist/tex/latex/inconsolata/zi4.sty
`inconsolata-zi4' v1.12, 2019/05/17 Text macros for Inconsolata (msharpe)
(/usr/local/texlive/2024/texmf-dist/tex/latex/xkeyval/xkeyval.sty
(/usr/local/texlive/2024/texmf-dist/tex/generic/xkeyval/xkeyval.tex
(/usr/local/texlive/2024/texmf-dist/tex/generic/xkeyval/xkvutils.tex
(/usr/local/texlive/2024/texmf-dist/tex/generic/xkeyval/keyval.tex)))))
(/usr/local/texlive/2024/texmf-dist/tex/latex/graphics/color.sty
(/usr/local/texlive/2024/texmf-dist/tex/latex/graphics-cfg/color.cfg)
(/usr/local/texlive/2024/texmf-dist/tex/latex/graphics-def/pdftex.def)
(/usr/local/texlive/2024/texmf-dist/tex/latex/graphics/mathcolor.ltx))
(/usr/local/texlive/2024/texmf-dist/tex/latex/hyperref/hyperref.sty
(/usr/local/texlive/2024/texmf-dist/tex/latex/kvsetkeys/kvsetkeys.sty)
(/usr/local/texlive/2024/texmf-dist/tex/generic/kvdefinekeys/kvdefinekeys.sty)
(/usr/local/texlive/2024/texmf-dist/tex/generic/pdfescape/pdfescape.sty
(/usr/local/texlive/2024/texmf-dist/tex/generic/ltxcmds/ltxcmds.sty)
(/usr/local/texlive/2024/texmf-dist/tex/generic/pdftexcmds/pdftexcmds.sty
(/usr/local/texlive/2024/texmf-dist/tex/generic/infwarerr/infwarerr.sty)))
(/usr/local/texlive/2024/texmf-dist/tex/latex/hycolor/hycolor.sty)
(/usr/local/texlive/2024/texmf-dist/tex/latex/auxhook/auxhook.sty)
(/usr/local/texlive/2024/texmf-dist/tex/latex/hyperref/nameref.sty
(/usr/local/texlive/2024/texmf-dist/tex/latex/refcount/refcount.sty)
(/usr/local/texlive/2024/texmf-dist/tex/generic/gettitlestring/gettitlestring.s
ty (/usr/local/texlive/2024/texmf-dist/tex/latex/kvoptions/kvoptions.sty)))
(/usr/local/texlive/2024/texmf-dist/tex/latex/etoolbox/etoolbox.sty)
(/usr/local/texlive/2024/texmf-dist/tex/latex/hyperref/pd1enc.def)
(/usr/local/texlive/2024/texmf-dist/tex/generic/intcalc/intcalc.sty)
(/usr/local/texlive/2024/texmf-dist/tex/latex/hyperref/puenc.def)
(/usr/local/texlive/2024/texmf-dist/tex/generic/bitset/bitset.sty
(/usr/local/texlive/2024/texmf-dist/tex/generic/bigintcalc/bigintcalc.sty))
(/usr/local/texlive/2024/texmf-dist/tex/latex/base/atbegshi-ltx.sty))
(/usr/local/texlive/2024/texmf-dist/tex/latex/hyperref/hpdftex.def
(/usr/local/texlive/2024/texmf-dist/tex/latex/base/atveryend-ltx.sty)
(/usr/local/texlive/2024/texmf-dist/tex/latex/rerunfilecheck/rerunfilecheck.sty

(/usr/local/texlive/2024/texmf-dist/tex/generic/uniquecounter/uniquecounter.sty
)))) (/usr/local/texlive/2024/texmf-dist/tex/latex/base/makeidx.sty)
Writing index file Rd2.idx
(/usr/local/texlive/2024/texmf-dist/tex/latex/psnfss/t1ptm.fd)
(/usr/local/texlive/2024/texmf-dist/tex/latex/l3backend/l3backend-pdftex.def)
(/private/var/folders/rb/99nqfz7s2rb6d_p0d6yxtbxc0000gn/T/RtmpN2j3oh/Rd2pdfd9be
467e41cb/Rd2.aux)
(/usr/local/texlive/2024/texmf-dist/tex/context/base/mkii/supp-pdf.mkii
[Loading MPS to PDF converter (version 2006.09.02).]
)
(/private/var/folders/rb/99nqfz7s2rb6d_p0d6yxtbxc0000gn/T/RtmpN2j3oh/Rd2pdfd9be
467e41cb/Rd2.out)
(/private/var/folders/rb/99nqfz7s2rb6d_p0d6yxtbxc0000gn/T/RtmpN2j3oh/Rd2pdfd9be
467e41cb/Rd2.out)
(/usr/local/texlive/2024/texmf-dist/tex/latex/inconsolata/t1zi4.fd)
(/usr/local/texlive/2024/texmf-dist/tex/latex/amsfonts/umsa.fd)
(/usr/local/texlive/2024/texmf-dist/tex/latex/amsfonts/umsb.fd)
(/usr/local/texlive/2024/texmf-dist/tex/latex/jknapltx/ursfs.fd)
(/private/var/folders/rb/99nqfz7s2rb6d_p0d6yxtbxc0000gn/T/RtmpN2j3oh/Rd2pdfd9be
467e41cb/Rd2.toc [1{/usr/local/texlive/2024/texmf-var/fonts/map/pdftex/updmap/p
dftex.map}{/usr/local/texlive/2024/texmf-dist/fonts/enc/dvips/base/8r.enc}{/usr
/local/texlive/2024/texmf-dist/fonts/enc/dvips/inconsolata/i4-t1-0.enc}]
[2]) [3] (/usr/local/texlive/2024/texmf-dist/tex/latex/psnfss/ts1ptm.fd)
[4] [5] [6] [7] [8] [9] [10] [11] [12] [13] [14] [15] [16] [17] [18] [19]
[20] [21] [22]
Overfull \hbox (15.67773pt too wide) in paragraph at lines 1165--1167
[]\T1/ptm/m/n/10 Character: If pro-vided, add this suf-fix to all left col-umn 
names, ex-clud-ing on/left_on. 
[23] [24] [25] [26]
(/usr/local/texlive/2024/texmf-dist/tex/latex/inconsolata/ts1zi4.fd) [27{/usr/l
ocal/texlive/2024/texmf-dist/fonts/enc/dvips/inconsolata/i4-ts1.enc}] [28]
Overfull \hbox (5.09792pt too wide) in paragraph at lines 1507--1509
[]\T1/ptm/m/n/10 Integer or char-ac-ter: columns to con-vert, if NULL, op-er-at
es on all log-i-cal columns 
[29] [30] [31] [32] [33] [34] [35] [36] [37] [38] [39] [40] [41] [42] [43]
[44] (/usr/local/texlive/2024/texmf-dist/tex/latex/base/t1cmtt.fd)
(/usr/local/texlive/2024/texmf-dist/tex/latex/base/ts1cmtt.fd) [45{/usr/local/t
exlive/2024/texmf-dist/fonts/enc/dvips/cm-super/cm-super-ts1.enc}]
Overfull \hbox (7.51907pt too wide) in paragraph at lines 2456--2458
\T1/ptm/m/n/10 De-fault = []\T1/zi4/m/n/10 "\\$"[]\T1/ptm/m/n/10 , which for-ma
ts com-mon in-put of the type []\T1/zi4/m/n/10 data.frame$variable 
[46] [47] [48] [49] [50] [51] [52] [53] [54] [55] [56] [57] [58]
Overfull \hbox (1.55789pt too wide) in paragraph at lines 3230--3231
[]\T1/ptm/m/n/10 Logical: If TRUE, print data frame con-tents, oth-er-wise prin
t n rows and columns. 
[59] [60]
Overfull \hbox (1.55789pt too wide) in paragraph at lines 3386--3387
[]\T1/ptm/m/n/10 Logical: If TRUE, print data frame con-tents, oth-er-wise prin
t n rows and columns. 
[61] [62] [63] [64] [65] [66] [67] [68] [69] [70] [71] [72] [73]
Overfull \hbox (16.9165pt too wide) in paragraph at lines 4116--4118
[]\T1/ptm/m/n/10 Character: UniProt rest API base URL. De-fault = "https://rest
.uniprot.org/uniprotkb" 
[74] [75] [76]
(/private/var/folders/rb/99nqfz7s2rb6d_p0d6yxtbxc0000gn/T/RtmpN2j3oh/Rd2pdfd9be
467e41cb/Rd2.ind [77]

LaTeX Font Warning: Font shape `T1/zi4/m/it' undefined
(Font)              using `T1/zi4/m/n' instead on input line 80.

[78] [79])
(/private/var/folders/rb/99nqfz7s2rb6d_p0d6yxtbxc0000gn/T/RtmpN2j3oh/Rd2pdfd9be
467e41cb/Rd2.aux)

LaTeX Font Warning: Some font shapes were not available, defaults substituted.

 )
(see the transcript file for additional information)
pdfTeX warning (dest): name{Rfn.path.expand} has been referenced but does not e
xist, replaced by a fixed one

</usr/local/texlive/2024/texmf-dist/fonts/type1/public/inconsolata/Inconsolata-
zi4r.pfb></usr/local/texlive/2024/texmf-dist/fonts/type1/public/amsfonts/cm/cms
y10.pfb></usr/local/texlive/2024/texmf-dist/fonts/type1/public/cm-super/sftt100
0.pfb></usr/local/texlive/2024/texmf-dist/fonts/type1/urw/times/utmb8a.pfb></us
r/local/texlive/2024/texmf-dist/fonts/type1/urw/times/utmr8a.pfb></usr/local/te
xlive/2024/texmf-dist/fonts/type1/urw/times/utmr8a.pfb></usr/local/texlive/2024
/texmf-dist/fonts/type1/urw/times/utmri8a.pfb>
Output written on Rd2.pdf (79 pages, 223610 bytes).
Transcript written on Rd2.log.
This is makeindex, version 2.17 [TeX Live 2024] (kpathsea + Thai support).
Scanning input file Rd2.idx....done (119 entries accepted, 0 rejected).
Sorting entries....done (874 comparisons).
Generating output file Rd2.ind....done (194 lines written, 0 warnings).
Output written in Rd2.ind.
Transcript written in Rd2.ilg.
This is pdfTeX, Version 3.141592653-2.6-1.40.26 (TeX Live 2024) (preloaded format=pdflatex)
 restricted \write18 enabled.
entering extended mode
LaTeX2e <2023-11-01> patch level 1
L3 programming layer <2024-02-20>
(./Rd2.tex
(/usr/local/texlive/2024/texmf-dist/tex/latex/base/book.cls
Document Class: book 2023/05/17 v1.4n Standard LaTeX document class
(/usr/local/texlive/2024/texmf-dist/tex/latex/base/bk10.clo))
(/Library/Frameworks/R.framework/Versions/4.5-arm64/Resources/share/texmf/tex/l
atex/Rd.sty (/usr/local/texlive/2024/texmf-dist/tex/latex/base/ifthen.sty)
(/usr/local/texlive/2024/texmf-dist/tex/generic/iftex/iftex.sty)
(/usr/local/texlive/2024/texmf-dist/tex/latex/tools/longtable.sty)
(/usr/local/texlive/2024/texmf-dist/tex/latex/tools/bm.sty)
(/usr/local/texlive/2024/texmf-dist/tex/latex/base/alltt.sty)
(/usr/local/texlive/2024/texmf-dist/tex/latex/tools/verbatim.sty)
(/usr/local/texlive/2024/texmf-dist/tex/latex/url/url.sty)
(/usr/local/texlive/2024/texmf-dist/tex/latex/base/textcomp.sty)
(/usr/local/texlive/2024/texmf-dist/tex/latex/amsmath/amsmath.sty
For additional information on amsmath, use the `?' option.
(/usr/local/texlive/2024/texmf-dist/tex/latex/amsmath/amstext.sty
(/usr/local/texlive/2024/texmf-dist/tex/latex/amsmath/amsgen.sty))
(/usr/local/texlive/2024/texmf-dist/tex/latex/amsmath/amsbsy.sty)
(/usr/local/texlive/2024/texmf-dist/tex/latex/amsmath/amsopn.sty))
(/usr/local/texlive/2024/texmf-dist/tex/latex/amsfonts/amsfonts.sty)
(/usr/local/texlive/2024/texmf-dist/tex/latex/amsfonts/amssymb.sty)
(/usr/local/texlive/2024/texmf-dist/tex/latex/jknapltx/mathrsfs.sty)
(/usr/local/texlive/2024/texmf-dist/tex/latex/base/fontenc.sty)
(/usr/local/texlive/2024/texmf-dist/tex/latex/psnfss/times.sty)
(/usr/local/texlive/2024/texmf-dist/tex/latex/inconsolata/zi4.sty
`inconsolata-zi4' v1.12, 2019/05/17 Text macros for Inconsolata (msharpe)
(/usr/local/texlive/2024/texmf-dist/tex/latex/xkeyval/xkeyval.sty
(/usr/local/texlive/2024/texmf-dist/tex/generic/xkeyval/xkeyval.tex
(/usr/local/texlive/2024/texmf-dist/tex/generic/xkeyval/xkvutils.tex
(/usr/local/texlive/2024/texmf-dist/tex/generic/xkeyval/keyval.tex)))))
(/usr/local/texlive/2024/texmf-dist/tex/latex/graphics/color.sty
(/usr/local/texlive/2024/texmf-dist/tex/latex/graphics-cfg/color.cfg)
(/usr/local/texlive/2024/texmf-dist/tex/latex/graphics-def/pdftex.def)
(/usr/local/texlive/2024/texmf-dist/tex/latex/graphics/mathcolor.ltx))
(/usr/local/texlive/2024/texmf-dist/tex/latex/hyperref/hyperref.sty
(/usr/local/texlive/2024/texmf-dist/tex/latex/kvsetkeys/kvsetkeys.sty)
(/usr/local/texlive/2024/texmf-dist/tex/generic/kvdefinekeys/kvdefinekeys.sty)
(/usr/local/texlive/2024/texmf-dist/tex/generic/pdfescape/pdfescape.sty
(/usr/local/texlive/2024/texmf-dist/tex/generic/ltxcmds/ltxcmds.sty)
(/usr/local/texlive/2024/texmf-dist/tex/generic/pdftexcmds/pdftexcmds.sty
(/usr/local/texlive/2024/texmf-dist/tex/generic/infwarerr/infwarerr.sty)))
(/usr/local/texlive/2024/texmf-dist/tex/latex/hycolor/hycolor.sty)
(/usr/local/texlive/2024/texmf-dist/tex/latex/auxhook/auxhook.sty)
(/usr/local/texlive/2024/texmf-dist/tex/latex/hyperref/nameref.sty
(/usr/local/texlive/2024/texmf-dist/tex/latex/refcount/refcount.sty)
(/usr/local/texlive/2024/texmf-dist/tex/generic/gettitlestring/gettitlestring.s
ty (/usr/local/texlive/2024/texmf-dist/tex/latex/kvoptions/kvoptions.sty)))
(/usr/local/texlive/2024/texmf-dist/tex/latex/etoolbox/etoolbox.sty)
(/usr/local/texlive/2024/texmf-dist/tex/latex/hyperref/pd1enc.def)
(/usr/local/texlive/2024/texmf-dist/tex/generic/intcalc/intcalc.sty)
(/usr/local/texlive/2024/texmf-dist/tex/latex/hyperref/puenc.def)
(/usr/local/texlive/2024/texmf-dist/tex/generic/bitset/bitset.sty
(/usr/local/texlive/2024/texmf-dist/tex/generic/bigintcalc/bigintcalc.sty))
(/usr/local/texlive/2024/texmf-dist/tex/latex/base/atbegshi-ltx.sty))
(/usr/local/texlive/2024/texmf-dist/tex/latex/hyperref/hpdftex.def
(/usr/local/texlive/2024/texmf-dist/tex/latex/base/atveryend-ltx.sty)
(/usr/local/texlive/2024/texmf-dist/tex/latex/rerunfilecheck/rerunfilecheck.sty

(/usr/local/texlive/2024/texmf-dist/tex/generic/uniquecounter/uniquecounter.sty
)))) (/usr/local/texlive/2024/texmf-dist/tex/latex/base/makeidx.sty)
Writing index file Rd2.idx
(/usr/local/texlive/2024/texmf-dist/tex/latex/psnfss/t1ptm.fd)
(/usr/local/texlive/2024/texmf-dist/tex/latex/l3backend/l3backend-pdftex.def)
(/private/var/folders/rb/99nqfz7s2rb6d_p0d6yxtbxc0000gn/T/RtmpN2j3oh/Rd2pdfd9be
467e41cb/Rd2.aux)
(/usr/local/texlive/2024/texmf-dist/tex/context/base/mkii/supp-pdf.mkii
[Loading MPS to PDF converter (version 2006.09.02).]
)
(/private/var/folders/rb/99nqfz7s2rb6d_p0d6yxtbxc0000gn/T/RtmpN2j3oh/Rd2pdfd9be
467e41cb/Rd2.out)
(/private/var/folders/rb/99nqfz7s2rb6d_p0d6yxtbxc0000gn/T/RtmpN2j3oh/Rd2pdfd9be
467e41cb/Rd2.out)
(/usr/local/texlive/2024/texmf-dist/tex/latex/inconsolata/t1zi4.fd)
(/usr/local/texlive/2024/texmf-dist/tex/latex/amsfonts/umsa.fd)
(/usr/local/texlive/2024/texmf-dist/tex/latex/amsfonts/umsb.fd)
(/usr/local/texlive/2024/texmf-dist/tex/latex/jknapltx/ursfs.fd)
(/private/var/folders/rb/99nqfz7s2rb6d_p0d6yxtbxc0000gn/T/RtmpN2j3oh/Rd2pdfd9be
467e41cb/Rd2.toc [1{/usr/local/texlive/2024/texmf-var/fonts/map/pdftex/updmap/p
dftex.map}{/usr/local/texlive/2024/texmf-dist/fonts/enc/dvips/base/8r.enc}{/usr
/local/texlive/2024/texmf-dist/fonts/enc/dvips/inconsolata/i4-t1-0.enc}]
[2]) [3] (/usr/local/texlive/2024/texmf-dist/tex/latex/psnfss/ts1ptm.fd)
[4] [5] [6] [7] [8] [9] [10] [11] [12] [13] [14] [15] [16] [17] [18] [19]
[20] [21] [22]
Overfull \hbox (15.67773pt too wide) in paragraph at lines 1165--1167
[]\T1/ptm/m/n/10 Character: If pro-vided, add this suf-fix to all left col-umn 
names, ex-clud-ing on/left_on. 
[23] [24] [25] [26]
(/usr/local/texlive/2024/texmf-dist/tex/latex/inconsolata/ts1zi4.fd) [27{/usr/l
ocal/texlive/2024/texmf-dist/fonts/enc/dvips/inconsolata/i4-ts1.enc}] [28]
Overfull \hbox (5.09792pt too wide) in paragraph at lines 1507--1509
[]\T1/ptm/m/n/10 Integer or char-ac-ter: columns to con-vert, if NULL, op-er-at
es on all log-i-cal columns 
[29] [30] [31] [32] [33] [34] [35] [36] [37] [38] [39] [40] [41] [42] [43]
[44] (/usr/local/texlive/2024/texmf-dist/tex/latex/base/t1cmtt.fd)
(/usr/local/texlive/2024/texmf-dist/tex/latex/base/ts1cmtt.fd) [45{/usr/local/t
exlive/2024/texmf-dist/fonts/enc/dvips/cm-super/cm-super-ts1.enc}]
Overfull \hbox (7.51907pt too wide) in paragraph at lines 2456--2458
\T1/ptm/m/n/10 De-fault = []\T1/zi4/m/n/10 "\\$"[]\T1/ptm/m/n/10 , which for-ma
ts com-mon in-put of the type []\T1/zi4/m/n/10 data.frame$variable 
[46] [47] [48] [49] [50] [51] [52] [53] [54] [55] [56] [57] [58]
Overfull \hbox (1.55789pt too wide) in paragraph at lines 3230--3231
[]\T1/ptm/m/n/10 Logical: If TRUE, print data frame con-tents, oth-er-wise prin
t n rows and columns. 
[59] [60]
Overfull \hbox (1.55789pt too wide) in paragraph at lines 3386--3387
[]\T1/ptm/m/n/10 Logical: If TRUE, print data frame con-tents, oth-er-wise prin
t n rows and columns. 
[61] [62] [63] [64] [65] [66] [67] [68] [69] [70] [71] [72] [73]
Overfull \hbox (16.9165pt too wide) in paragraph at lines 4116--4118
[]\T1/ptm/m/n/10 Character: UniProt rest API base URL. De-fault = "https://rest
.uniprot.org/uniprotkb" 
[74] [75] [76]
(/private/var/folders/rb/99nqfz7s2rb6d_p0d6yxtbxc0000gn/T/RtmpN2j3oh/Rd2pdfd9be
467e41cb/Rd2.ind [77]

LaTeX Font Warning: Font shape `T1/zi4/m/it' undefined
(Font)              using `T1/zi4/m/n' instead on input line 80.

[78] [79])
(/private/var/folders/rb/99nqfz7s2rb6d_p0d6yxtbxc0000gn/T/RtmpN2j3oh/Rd2pdfd9be
467e41cb/Rd2.aux)

LaTeX Font Warning: Some font shapes were not available, defaults substituted.

 )
(see the transcript file for additional information)
pdfTeX warning (dest): name{Rfn.path.expand} has been referenced but does not e
xist, replaced by a fixed one

</usr/local/texlive/2024/texmf-dist/fonts/type1/public/inconsolata/Inconsolata-
zi4r.pfb></usr/local/texlive/2024/texmf-dist/fonts/type1/public/amsfonts/cm/cms
y10.pfb></usr/local/texlive/2024/texmf-dist/fonts/type1/public/cm-super/sftt100
0.pfb></usr/local/texlive/2024/texmf-dist/fonts/type1/urw/times/utmb8a.pfb></us
r/local/texlive/2024/texmf-dist/fonts/type1/urw/times/utmr8a.pfb></usr/local/te
xlive/2024/texmf-dist/fonts/type1/urw/times/utmr8a.pfb></usr/local/texlive/2024
/texmf-dist/fonts/type1/urw/times/utmri8a.pfb>
Output written on Rd2.pdf (79 pages, 223610 bytes).
Transcript written on Rd2.log.
Saving output to ‘rtemisutils-manual.pdf’ ...
Done
You may want to clean up by 'rm -Rf /var/folders/rb/99nqfz7s2rb6d_p0d6yxtbxc0000gn/T//RtmpN2j3oh/Rd2pdfd9be467e41cb'
